----------
0 3 1 2 4
j        
----------
0 3 1 2 4
j        
--------------------
Stack: [0, 0]
--------------------
Result:  0 0 0 0 0
--------------------



----------
0 3 1 2 4
j i      
----------
0 3 1 2 4
j i      
--------------------
Stack: [0, 0, 1]
--------------------
Result:  0 3 0 0 0
--------------------



----------
0 3 1 2 4
j   i    
----------
0 3 1 2 4
j   i    
--------------------
Stack: [0, 0, 2]
--------------------
Result:  0 3 2 0 0
--------------------



----------
0 3 1 2 4
    j i  
----------
0 3 1 2 4
    j i  
--------------------
Stack: [0, 0, 2, 3]
--------------------
Result:  0 3 2 4 0
--------------------



----------
0 3 1 2 4
      j i
----------
0 3 1 2 4
      j i
--------------------
Stack: [0, 0, 2, 3, 4]
--------------------
Result:  0 3 2 4 8
--------------------




Answer: 17

